============================= test session starts =============================
platform win32 -- Python 3.11.7, pytest-7.4.2, pluggy-1.0.0
rootdir: C:\GestaoVersus\app31
plugins: anyio-4.2.0, Faker-25.9.1, flask-1.2.0, timeout-2.4.0
collected 303 items

testsprite_tests\test_main_routes.py .

!!!!!!!!!!!!!!!!!!!!!!!!!!!!!! KeyboardInterrupt !!!!!!!!!!!!!!!!!!!!!!!!!!!!!!
C:\Users\mff20\anaconda3\Lib\socket.py:706: KeyboardInterrupt
(to show a full traceback on KeyboardInterrupt use --full-trace)
============================== 1 passed in 1.75s ==============================
